0 info it worked if it ends with ok
1 verbose cli [ '/usr/bin/node', '/usr/bin/npm', 'install', '-g', 'ember-cli' ]
2 info using npm@2.15.1
3 info using node@v0.12.17
4 verbose node symlink /usr/bin/node
5 verbose install initial load of /usr/local/lib/npm/lib/package.json
6 verbose readDependencies loading dependencies from /usr/local/lib/npm/lib/package.json
7 silly cache add args [ 'ember-cli', null ]
8 verbose cache add spec ember-cli
9 silly cache add parsed spec { raw: 'ember-cli',
9 silly cache add   scope: null,
9 silly cache add   name: 'ember-cli',
9 silly cache add   rawSpec: '',
9 silly cache add   spec: 'latest',
9 silly cache add   type: 'tag' }
10 silly addNamed ember-cli@latest
11 verbose addNamed "latest" is being treated as a dist-tag for ember-cli
12 info addNameTag [ 'ember-cli', 'latest' ]
13 silly mapToRegistry name ember-cli
14 silly mapToRegistry using default registry
15 silly mapToRegistry registry https://registry.npmjs.org/
16 silly mapToRegistry data { raw: 'ember-cli',
16 silly mapToRegistry   scope: null,
16 silly mapToRegistry   name: 'ember-cli',
16 silly mapToRegistry   rawSpec: '',
16 silly mapToRegistry   spec: 'latest',
16 silly mapToRegistry   type: 'tag' }
17 silly mapToRegistry uri https://registry.npmjs.org/ember-cli
18 verbose addNameTag registry:https://registry.npmjs.org/ember-cli not in flight; fetching
19 verbose request uri https://registry.npmjs.org/ember-cli
20 verbose request no auth needed
21 info attempt registry request try #1 at 10:38:39 AM
22 verbose request id 450362c5c6fd1aad
23 http request GET https://registry.npmjs.org/ember-cli
24 http 200 https://registry.npmjs.org/ember-cli
25 verbose headers { server: 'CouchDB/1.6.1 (Erlang OTP/R16B03)',
25 verbose headers   etag: '"81XGMYXWHHDUSRO3BNGXOT8ZD"',
25 verbose headers   'content-type': 'application/json',
25 verbose headers   'content-encoding': 'gzip',
25 verbose headers   'cache-control': 'max-age=300',
25 verbose headers   'content-length': '40448',
25 verbose headers   'accept-ranges': 'bytes',
25 verbose headers   date: 'Fri, 04 Nov 2016 10:38:42 GMT',
25 verbose headers   via: '1.1 varnish',
25 verbose headers   age: '285',
25 verbose headers   connection: 'keep-alive',
25 verbose headers   'x-served-by': 'cache-lhr6321-LHR',
25 verbose headers   'x-cache': 'HIT',
25 verbose headers   'x-cache-hits': '2',
25 verbose headers   'x-timer': 'S1478255922.219168,VS0,VE0',
25 verbose headers   vary: 'Accept-Encoding' }
26 silly get cb [ 200,
26 silly get   { server: 'CouchDB/1.6.1 (Erlang OTP/R16B03)',
26 silly get     etag: '"81XGMYXWHHDUSRO3BNGXOT8ZD"',
26 silly get     'content-type': 'application/json',
26 silly get     'content-encoding': 'gzip',
26 silly get     'cache-control': 'max-age=300',
26 silly get     'content-length': '40448',
26 silly get     'accept-ranges': 'bytes',
26 silly get     date: 'Fri, 04 Nov 2016 10:38:42 GMT',
26 silly get     via: '1.1 varnish',
26 silly get     age: '285',
26 silly get     connection: 'keep-alive',
26 silly get     'x-served-by': 'cache-lhr6321-LHR',
26 silly get     'x-cache': 'HIT',
26 silly get     'x-cache-hits': '2',
26 silly get     'x-timer': 'S1478255922.219168,VS0,VE0',
26 silly get     vary: 'Accept-Encoding' } ]
27 verbose get saving ember-cli to /home/vagrant/.npm/registry.npmjs.org/ember-cli/.cache.json
28 verbose correctMkdir /home/vagrant/.npm correctMkdir not in flight; initializing
29 verbose makeDirectory /home/vagrant/.npm creation not in flight; initializing
30 silly makeDirectory /home/vagrant/.npm uid: 1000 gid: 1000
31 silly addNameTag next cb for ember-cli with tag latest
32 silly addNamed ember-cli@2.9.1
33 verbose addNamed "2.9.1" is a plain semver version for ember-cli
34 silly mapToRegistry name ember-cli
35 silly mapToRegistry using default registry
36 silly mapToRegistry registry https://registry.npmjs.org/
37 silly mapToRegistry data { raw: 'ember-cli',
37 silly mapToRegistry   scope: null,
37 silly mapToRegistry   name: 'ember-cli',
37 silly mapToRegistry   rawSpec: '',
37 silly mapToRegistry   spec: 'latest',
37 silly mapToRegistry   type: 'tag' }
38 silly mapToRegistry uri https://registry.npmjs.org/ember-cli
39 verbose addRemoteTarball https://registry.npmjs.org/ember-cli/-/ember-cli-2.9.1.tgz not in flight; adding
40 verbose addRemoteTarball [ 'https://registry.npmjs.org/ember-cli/-/ember-cli-2.9.1.tgz',
40 verbose addRemoteTarball   'd90e400dc8edb3eff5220724ac7a49e0c44ed7bb' ]
41 info retry fetch attempt 1 at 10:38:42 AM
42 info attempt registry request try #1 at 10:38:42 AM
43 http fetch GET https://registry.npmjs.org/ember-cli/-/ember-cli-2.9.1.tgz
44 http fetch 200 https://registry.npmjs.org/ember-cli/-/ember-cli-2.9.1.tgz
45 silly fetchAndShaCheck shasum d90e400dc8edb3eff5220724ac7a49e0c44ed7bb
46 verbose addTmpTarball /tmp/npm-7440-a1f22eb0/registry.npmjs.org/ember-cli/-/ember-cli-2.9.1.tgz not in flight; adding
47 verbose addTmpTarball already have metadata; skipping unpack for ember-cli@2.9.1
48 verbose correctMkdir /home/vagrant/.npm correctMkdir not in flight; initializing
49 silly cache afterAdd ember-cli@2.9.1
50 verbose afterAdd /home/vagrant/.npm/ember-cli/2.9.1/package/package.json not in flight; writing
51 verbose correctMkdir /home/vagrant/.npm correctMkdir not in flight; initializing
52 verbose afterAdd /home/vagrant/.npm/ember-cli/2.9.1/package/package.json written
53 silly install resolved [ { name: 'ember-cli',
53 silly install resolved     version: '2.9.1',
53 silly install resolved     main: 'lib/cli/index.js',
53 silly install resolved     description: 'Command line tool for developing ambitious ember.js apps',
53 silly install resolved     homepage: 'http://ember-cli.com/',
53 silly install resolved     trackingCode: 'UA-49225444-1',
53 silly install resolved     bin: { ember: './bin/ember' },
53 silly install resolved     scripts:
53 silly install resolved      { docs: 'yuidoc',
53 silly install resolved        lint: 'node tests/runner lint',
53 silly install resolved        test: 'node tests/runner',
53 silly install resolved        'test:debug': 'node debug tests/runner',
53 silly install resolved        'test-slow': 'node tests/runner slow',
53 silly install resolved        'test-all': 'node tests/runner all',
53 silly install resolved        'test-all:debug': 'node debug tests/runner all',
53 silly install resolved        'test-all:cover': 'istanbul cover tests/runner.js all' },
53 silly install resolved     repository:
53 silly install resolved      { type: 'git',
53 silly install resolved        url: 'git+https://github.com/ember-cli/ember-cli.git' },
53 silly install resolved     engines: { node: '>= 0.10.0' },
53 silly install resolved     keywords:
53 silly install resolved      [ 'ember.js',
53 silly install resolved        'ember',
53 silly install resolved        'cli',
53 silly install resolved        'app',
53 silly install resolved        'kit',
53 silly install resolved        'app-kit',
53 silly install resolved        'ember-app-kit' ],
53 silly install resolved     author: { name: 'Stefan Penner, Robert Jackson and ember-cli contributors' },
53 silly install resolved     license: 'MIT',
53 silly install resolved     bugs: { url: 'https://github.com/ember-cli/ember-cli/issues' },
53 silly install resolved     dependencies:
53 silly install resolved      { 'amd-name-resolver': '0.0.6',
53 silly install resolved        bower: '^1.3.12',
53 silly install resolved        'bower-config': '^1.3.0',
53 silly install resolved        'bower-endpoint-parser': '0.2.2',
53 silly install resolved        'broccoli-babel-transpiler': '^5.4.5',
53 silly install resolved        'broccoli-brocfile-loader': '^0.18.0',
53 silly install resolved        'broccoli-builder': '^0.18.0',
53 silly install resolved        'broccoli-concat': '^2.0.4',
53 silly install resolved        'broccoli-config-loader': '^1.0.0',
53 silly install resolved        'broccoli-config-replace': '^1.1.2',
53 silly install resolved        'broccoli-funnel': '^1.0.6',
53 silly install resolved        'broccoli-funnel-reducer': '^1.0.0',
53 silly install resolved        'broccoli-merge-trees': '^1.1.3',
53 silly install resolved        'ember-cli-broccoli-sane-watcher': '^2.0.3',
53 silly install resolved        'broccoli-middleware': '^0.18.1',
53 silly install resolved        'broccoli-source': '^1.1.0',
53 silly install resolved        'broccoli-stew': '^1.2.0',
53 silly install resolved        chalk: '^1.1.3',
53 silly install resolved        'clean-base-url': '^1.0.0',
53 silly install resolved        compression: '^1.4.4',
53 silly install resolved        configstore: '^2.0.0',
53 silly install resolved        'core-object': '^2.0.2',
53 silly install resolved        diff: '^1.3.1',
53 silly install resolved        'ember-cli-get-component-path-option': '^1.0.0',
53 silly install resolved        'ember-cli-is-package-missing': '^1.0.0',
53 silly install resolved        'ember-cli-legacy-blueprints': '^0.1.1',
53 silly install resolved        'ember-cli-lodash-subset': '^1.0.1',
53 silly install resolved        'ember-cli-normalize-entity-name': '^1.0.0',
53 silly install resolved        'ember-cli-preprocess-registry': '^3.0.0',
53 silly install resolved        'ember-cli-string-utils': '^1.0.0',
53 silly install resolved        'ember-try': '^0.2.2',
53 silly install resolved        'escape-string-regexp': '^1.0.3',
53 silly install resolved        'exists-sync': '0.0.3',
53 silly install resolved        exit: '^0.1.2',
53 silly install resolved        express: '^4.12.3',
53 silly install resolved        filesize: '^3.1.3',
53 silly install resolved        'find-up': '^1.1.2',
53 silly install resolved        'fs-extra': '0.30.0',
53 silly install resolved        'fs-tree-diff': '^0.5.2',
53 silly install resolved        'get-caller-file': '^1.0.0',
53 silly install resolved        'git-repo-info': '^1.0.4',
53 silly install resolved        glob: '7.0.6',
53 silly install resolved        'heimdalljs-fs-monitor': '^0.0.3',
53 silly install resolved        'heimdalljs-logger': '^0.1.7',
53 silly install resolved        'http-proxy': '^1.9.0',
53 silly install resolved        inflection: '^1.7.0',
53 silly install resolved        inquirer: '^1.0.2',
53 silly install resolved        'is-git-url': '^0.2.0',
53 silly install resolved        isbinaryfile: '^3.0.0',
53 silly install resolved        leek: '0.0.23',
53 silly install resolved        'markdown-it': '7.0.1',
53 silly install resolved        'lodash.template': '^4.2.5',
53 silly install resolved        'markdown-it-terminal': '0.0.4',
53 silly install resolved        minimatch: '^3.0.0',
53 silly install resolved        morgan: '^1.5.2',
53 silly install resolved        'node-modules-path': '^1.0.0',
53 silly install resolved        'node-uuid': '^1.4.3',
53 silly install resolved        nopt: '^3.0.1',
53 silly install resolved        npm: '2.15.5',
53 silly install resolved        'npm-package-arg': '^4.1.1',
53 silly install resolved        ora: '^0.2.0',
53 silly install resolved        portfinder: '^1.0.7',
53 silly install resolved        'promise-map-series': '^0.2.1',
53 silly install resolved        'quick-temp': '0.1.6',
53 silly install resolved        resolve: '^1.1.6',
53 silly install resolved        rsvp: '^3.0.17',
53 silly install resolved        sane: '^1.1.1',
53 silly install resolved        semver: '^5.1.1',
53 silly install resolved        'silent-error': '^1.0.0',
53 silly install resolved        'symlink-or-copy': '^1.0.1',
53 silly install resolved        temp: '0.8.3',
53 silly install resolved        testem: '^1.8.1',
53 silly install resolved        through: '^2.3.6',
53 silly install resolved        'tiny-lr': '0.2.1',
53 silly install resolved        'tree-sync': '^1.1.4',
53 silly install resolved        'walk-sync': '^0.3.0',
53 silly install resolved        yam: '0.0.22' },
53 silly install resolved     devDependencies:
53 silly install resolved      { 'broccoli-filter': '^1.2.2',
53 silly install resolved        'broccoli-plugin': '^1.2.0',
53 silly install resolved        chai: '^3.4.1',
53 silly install resolved        'chai-as-promised': '^5.1.0',
53 silly install resolved        'chai-files': '^1.2.0',
53 silly install resolved        'ember-cli-blueprint-test-helpers': '^0.13.0',
53 silly install resolved        'ember-cli-internal-test-helpers': '^0.8.1',
53 silly install resolved        'eslint-plugin-chai-expect': '^1.1.1',
53 silly install resolved        github: '^2.5.2',
53 silly install resolved        istanbul: '^0.4.2',
53 silly install resolved        mocha: '^3.0.0',
53 silly install resolved        'mocha-eslint': '^2.0.1',
53 silly install resolved        'mocha-only-detector': '^0.1.0',
53 silly install resolved        multiline: '^1.0.2',
53 silly install resolved        nock: '^8.0.0',
53 silly install resolved        proxyquire: '^1.7.7',
53 silly install resolved        supertest: '^2.0.0',
53 silly install resolved        testdouble: '^1.3.0',
53 silly install resolved        yuidocjs: '0.10.2',
53 silly install resolved        'yuidoc-ember-cli-theme': '^1.0.0' },
53 silly install resolved     _id: 'ember-cli@2.9.1',
53 silly install resolved     _shasum: 'd90e400dc8edb3eff5220724ac7a49e0c44ed7bb',
53 silly install resolved     _resolved: 'https://registry.npmjs.org/ember-cli/-/ember-cli-2.9.1.tgz',
53 silly install resolved     _from: 'ember-cli@latest',
53 silly install resolved     _npmVersion: '2.15.9',
53 silly install resolved     _nodeVersion: '4.6.0',
53 silly install resolved     _npmUser: { name: 'nathanhammond', email: 'npm@nathanhammond.com' },
53 silly install resolved     maintainers:
53 silly install resolved      [ [Object],
53 silly install resolved        [Object],
53 silly install resolved        [Object],
53 silly install resolved        [Object],
53 silly install resolved        [Object],
53 silly install resolved        [Object],
53 silly install resolved        [Object],
53 silly install resolved        [Object],
53 silly install resolved        [Object],
53 silly install resolved        [Object],
53 silly install resolved        [Object],
53 silly install resolved        [Object],
53 silly install resolved        [Object],
53 silly install resolved        [Object],
53 silly install resolved        [Object],
53 silly install resolved        [Object] ],
53 silly install resolved     dist:
53 silly install resolved      { shasum: 'd90e400dc8edb3eff5220724ac7a49e0c44ed7bb',
53 silly install resolved        tarball: 'https://registry.npmjs.org/ember-cli/-/ember-cli-2.9.1.tgz' },
53 silly install resolved     _npmOperationalInternal:
53 silly install resolved      { host: 'packages-12-west.internal.npmjs.com',
53 silly install resolved        tmp: 'tmp/ember-cli-2.9.1.tgz_1477072931543_0.3513054456561804' },
53 silly install resolved     directories: {} } ]
54 info install ember-cli@2.9.1 into /usr/local/lib/npm/lib
55 info installOne ember-cli@2.9.1
56 verbose installOne of ember-cli to /usr/local/lib/npm/lib not in flight; installing
57 verbose correctMkdir /home/vagrant/.npm/_locks correctMkdir not in flight; initializing
58 verbose makeDirectory /home/vagrant/.npm/_locks creation not in flight; initializing
59 silly makeDirectory /home/vagrant/.npm/_locks uid: 1000 gid: 1000
60 verbose lock using /home/vagrant/.npm/_locks/ember-cli-60bde40e39554ca7.lock for /usr/local/lib/npm/lib/node_modules/ember-cli
61 silly install write writing ember-cli 2.9.1 to /usr/local/lib/npm/lib/node_modules/ember-cli
62 verbose unbuild lib/node_modules/ember-cli
63 silly gentlyRm /usr/local/lib/npm/lib/node_modules/ember-cli is being purged from base /usr/local/lib/npm
64 verbose gentlyRm don't care about contents; nuking /usr/local/lib/npm/lib/node_modules/ember-cli
65 verbose tar unpack /home/vagrant/.npm/ember-cli/2.9.1/package.tgz
66 verbose tar unpacking to /usr/local/lib/npm/lib/node_modules/ember-cli
67 silly gentlyRm /usr/local/lib/npm/lib/node_modules/ember-cli is being purged
68 verbose gentlyRm don't care about contents; nuking /usr/local/lib/npm/lib/node_modules/ember-cli
69 silly gunzTarPerm modes [ '775', '664' ]
70 error tar.unpack untar error /home/vagrant/.npm/ember-cli/2.9.1/package.tgz
71 verbose unlock done using /home/vagrant/.npm/_locks/ember-cli-60bde40e39554ca7.lock for /usr/local/lib/npm/lib/node_modules/ember-cli
72 verbose fstream_path /usr/local/lib/npm/lib/node_modules/ember-cli
73 verbose fstream_type Directory
74 verbose fstream_class DirWriter
75 verbose stack Error: EACCES, mkdir '/usr/local/lib/npm/lib/node_modules/ember-cli'
75 verbose stack     at Error (native)
76 verbose fstream_stack /usr/lib/node_modules/npm/node_modules/fstream/lib/dir-writer.js:35:25
76 verbose fstream_stack /usr/lib/node_modules/npm/node_modules/mkdirp/index.js:47:53
76 verbose fstream_stack FSReqWrap.oncomplete (fs.js:95:15)
77 verbose cwd /var/www/fsd_dev
78 error Linux 3.13.0-100-generic
79 error argv "/usr/bin/node" "/usr/bin/npm" "install" "-g" "ember-cli"
80 error node v0.12.17
81 error npm  v2.15.1
82 error path /usr/local/lib/npm/lib/node_modules/ember-cli
83 error code EACCES
84 error errno -13
85 error Error: EACCES, mkdir '/usr/local/lib/npm/lib/node_modules/ember-cli'
85 error     at Error (native)
85 error  { [Error: EACCES, mkdir '/usr/local/lib/npm/lib/node_modules/ember-cli']
85 error   errno: -13,
85 error   code: 'EACCES',
85 error   path: '/usr/local/lib/npm/lib/node_modules/ember-cli',
85 error   fstream_type: 'Directory',
85 error   fstream_path: '/usr/local/lib/npm/lib/node_modules/ember-cli',
85 error   fstream_class: 'DirWriter',
85 error   fstream_stack:
85 error    [ '/usr/lib/node_modules/npm/node_modules/fstream/lib/dir-writer.js:35:25',
85 error      '/usr/lib/node_modules/npm/node_modules/mkdirp/index.js:47:53',
85 error      'FSReqWrap.oncomplete (fs.js:95:15)' ] }
86 error Please try running this command again as root/Administrator.
87 verbose exit [ -13, true ]
88 verbose unbuild lib/node_modules/ember-cli
89 silly gentlyRm /usr/local/lib/npm/lib/node_modules/ember-cli is being purged from base /usr/local/lib/npm
90 verbose gentlyRm don't care about contents; nuking /usr/local/lib/npm/lib/node_modules/ember-cli
